<?xml version="1.0" encoding="UTF-8"?>
<testsuite xmlns:xsi="http://www.w3.org/2001/XMLSchema-instance" xsi:noNamespaceSchemaLocation="https://maven.apache.org/surefire/maven-surefire-plugin/xsd/surefire-test-report-3.0.xsd" version="3.0" name="com.example.wallet.handler.DepositHandlerTest" time="0.073" tests="2" errors="0" skipped="0" failures="0">
  <properties>
[...]
</properties>
  <testcase name="missingAccountThrows" classname="com.example.wallet.handler.DepositHandlerTest" time="0.048">
    <system-out><![CDATA[22:16:35.584 [main] INFO com.example.wallet.facade.WalletFacade -- handler_deposit accountId=missing amount=1
]]></system-out>
  </testcase>
  <testcase name="depositsAndPublishesEvent" classname="com.example.wallet.handler.DepositHandlerTest" time="0.022">
    <system-out><![CDATA[22:16:35.605 [main] INFO com.example.wallet.facade.WalletFacade -- handler_deposit accountId=acc-1 amount=5.00
22:16:35.617 [main] INFO com.example.wallet.facade.WalletFacade -- handler_deposit completed accountId=acc-1 newBalance=6.00
]]></system-out>
  </testcase>
</testsuite>