<?xml version="1.0" encoding="UTF-8"?>
<testsuite xmlns:xsi="http://www.w3.org/2001/XMLSchema-instance" xsi:noNamespaceSchemaLocation="https://maven.apache.org/surefire/maven-surefire-plugin/xsd/surefire-test-report-3.0.xsd" version="3.0" name="com.example.wallet.TransferFlowIntegrationTest" time="9.402" tests="1" errors="0" skipped="0" failures="0">
  <properties>
[...]
</properties>
  <testcase name="transferMovesMoneyEndToEnd" classname="com.example.wallet.TransferFlowIntegrationTest" time="1.385">
    <system-out><![CDATA[Standard Commons Logging discovery in action with spring-jcl: please remove commons-logging.jar from classpath in order to avoid potential conflicts
22:16:42.182 [main] INFO org.springframework.test.context.support.AnnotationConfigContextLoaderUtils -- Could not detect default configuration classes for test class [com.example.wallet.TransferFlowIntegrationTest]: TransferFlowIntegrationTest does not declare any static, non-private, non-final, nested classes annotated with @Configuration.
22:16:42.684 [main] INFO org.springframework.boot.test.context.SpringBootTestContextBootstrapper -- Found @SpringBootConfiguration com.example.wallet.WalletApplication for test class com.example.wallet.TransferFlowIntegrationTest

  .   ____          _            __ _ _
 /\\ / ___'_ __ _ _(_)_ __  __ _ \ \ \ \
( ( )\___ | '_ | '_| | '_ \/ _` | \ \ \ \
 \\/  ___)| |_)| | | | | || (_| |  ) ) ) )
  '  |____| .__|_| |_|_| |_\__, | / / / /
 =========|_|==============|___/=/_/_/_/
 :: Spring Boot ::                (v3.2.5)

2026-04-19T22:16:44.703+02:00 INFO  [main] [] c.e.w.TransferFlowIntegrationTest - Starting TransferFlowIntegrationTest using Java 21.0.2 with PID 1495 (started by root in /mnt/c/Users/mojtaba.rahbari/Code/vsdev/www/microservices/interview-preparations/serverless-mvp2/serverless-wallet-app)
2026-04-19T22:16:44.706+02:00 INFO  [main] [] c.e.w.TransferFlowIntegrationTest - The following 1 profile is active: "test"
2026-04-19T22:16:49.557+02:00 INFO  [main] [] o.s.b.t.m.w.SpringBootMockServletContext - Initializing Spring TestDispatcherServlet ''
2026-04-19T22:16:49.558+02:00 INFO  [main] [] o.s.t.w.s.TestDispatcherServlet - Initializing Servlet ''
2026-04-19T22:16:49.559+02:00 INFO  [main] [] o.s.t.w.s.TestDispatcherServlet - Completed initialization in 1 ms
2026-04-19T22:16:49.595+02:00 INFO  [main] [] c.e.w.TransferFlowIntegrationTest - Started TransferFlowIntegrationTest in 6.214 seconds (process running for 31.145)
2026-04-19T22:16:50.289+02:00 INFO  [main] [71c0bb62-5479-4c22-be86-bb6d06c8a1af] c.example.wallet.facade.WalletFacade - handler_create_account initialBalance=100
2026-04-19T22:16:50.289+02:00 INFO  [main] [71c0bb62-5479-4c22-be86-bb6d06c8a1af] c.e.wallet.aws.LoggingEventPublisher - event_local_publish type=ACCOUNT_CREATED payload=AccountCreatedEvent[accountId=1929a133-f6bd-432b-b984-fed7c1c41c46, initialBalance=100, occurredAt=2026-04-19T20:16:50.289437911Z]
2026-04-19T22:16:50.291+02:00 INFO  [main] [71c0bb62-5479-4c22-be86-bb6d06c8a1af] c.example.wallet.facade.WalletFacade - handler_create_account completed accountId=1929a133-f6bd-432b-b984-fed7c1c41c46
2026-04-19T22:16:50.465+02:00 INFO  [main] [1e099530-21ed-4093-b8cf-7f139e15b94a] c.example.wallet.facade.WalletFacade - handler_create_account initialBalance=0
2026-04-19T22:16:50.465+02:00 INFO  [main] [1e099530-21ed-4093-b8cf-7f139e15b94a] c.e.wallet.aws.LoggingEventPublisher - event_local_publish type=ACCOUNT_CREATED payload=AccountCreatedEvent[accountId=7dc5af48-121c-4521-b710-e692a74a5993, initialBalance=0, occurredAt=2026-04-19T20:16:50.465669211Z]
2026-04-19T22:16:50.465+02:00 INFO  [main] [1e099530-21ed-4093-b8cf-7f139e15b94a] c.example.wallet.facade.WalletFacade - handler_create_account completed accountId=7dc5af48-121c-4521-b710-e692a74a5993
2026-04-19T22:16:50.675+02:00 INFO  [main] [eefba223-f02e-4ee6-bf8f-7cbb91b20dec] c.e.w.s.InMemoryTransferExecutionService - handler_transfer start transactionId=int-tx-1 from=1929a133-f6bd-432b-b984-fed7c1c41c46 to=7dc5af48-121c-4521-b710-e692a74a5993 amount=30
2026-04-19T22:16:50.675+02:00 INFO  [main] [eefba223-f02e-4ee6-bf8f-7cbb91b20dec] c.e.wallet.aws.LoggingEventPublisher - event_local_publish type=TRANSFER_COMPLETED payload=TransferCompletedEvent[transactionId=int-tx-1, fromAccountId=1929a133-f6bd-432b-b984-fed7c1c41c46, toAccountId=7dc5af48-121c-4521-b710-e692a74a5993, amount=30, fromBalanceAfter=70, toBalanceAfter=30, occurredAt=2026-04-19T20:16:50.675966212Z]
2026-04-19T22:16:50.679+02:00 INFO  [main] [eefba223-f02e-4ee6-bf8f-7cbb91b20dec] c.e.w.s.InMemoryTransferExecutionService - handler_transfer completed transactionId=int-tx-1 fromBalanceAfter=70 toBalanceAfter=30
2026-04-19T22:16:51.034+02:00 INFO  [main] [ecd70362-d6fb-4315-818a-cf7cb6121359] c.e.w.s.InMemoryTransferExecutionService - handler_transfer idempotent_replay transactionId=int-tx-1
2026-04-19T22:16:51.042+02:00 INFO  [main] [ee3360b2-63dc-4441-be4b-a0c5a06f2785] c.example.wallet.facade.WalletFacade - handler_deposit accountId=1929a133-f6bd-432b-b984-fed7c1c41c46 amount=0.01
2026-04-19T22:16:51.042+02:00 INFO  [main] [ee3360b2-63dc-4441-be4b-a0c5a06f2785] c.e.wallet.aws.LoggingEventPublisher - event_local_publish type=DEPOSIT_COMPLETED payload=DepositCompletedEvent[accountId=1929a133-f6bd-432b-b984-fed7c1c41c46, amount=0.01, newBalance=70.01, occurredAt=2026-04-19T20:16:51.042947332Z]
2026-04-19T22:16:51.045+02:00 INFO  [main] [ee3360b2-63dc-4441-be4b-a0c5a06f2785] c.example.wallet.facade.WalletFacade - handler_deposit completed accountId=1929a133-f6bd-432b-b984-fed7c1c41c46 newBalance=70.01
]]></system-out>
  </testcase>
</testsuite>